<?xml version="1.0" encoding="UTF-8"?>
<!-- Generated by org.testng.reporters.JUnitReportReporter -->
<testsuite hostname="LAPTOP-VTR22OTJ" failures="0" tests="1" name="pom.tc.LoginTest" time="2.855" errors="0" timestamp="2023-05-04T14:30:51 IST" skipped="0">
  <testcase classname="pom.tc.LoginTest" name="LoginTestMethod" time="2.855"/>
  <system-out/>
</testsuite> <!-- pom.tc.LoginTest -->
